Determining if the Q_WS_WIN exist failed with the following output:
Change Dir: /home/rokid/catkin_ws/src/hotpot_slam/Thirdparty/g2o/build/CMakeFiles/CMakeTmp

Run Build Command:/usr/bin/make "cmTryCompileExec1949061758/fast"
/usr/bin/make -f CMakeFiles/cmTryCompileExec1949061758.dir/build.make CMakeFiles/cmTryCompileExec1949061758.dir/build
make[1]: Entering directory `/home/rokid/catkin_ws/src/hotpot_slam/Thirdparty/g2o/build/CMakeFiles/CMakeTmp'
/usr/bin/cmake -E cmake_progress_report /home/rokid/catkin_ws/src/hotpot_slam/Thirdparty/g2o/build/CMakeFiles/CMakeTmp/CMakeFiles 1
Building CXX object CMakeFiles/cmTryCompileExec1949061758.dir/CheckSymbolExists.cxx.o
/usr/bin/c++   -DLAPACK_USE_F2C -I/usr/include/qt4    -o CMakeFiles/cmTryCompileExec1949061758.dir/CheckSymbolExists.cxx.o -c /home/rokid/catkin_ws/src/hotpot_slam/Thirdparty/g2o/build/CMakeFiles/CMakeTmp/CheckSymbolExists.cxx
/home/rokid/catkin_ws/src/hotpot_slam/Thirdparty/g2o/build/CMakeFiles/CMakeTmp/CheckSymbolExists.cxx: In function ‘int main(int, char**)’:
/home/rokid/catkin_ws/src/hotpot_slam/Thirdparty/g2o/build/CMakeFiles/CMakeTmp/CheckSymbolExists.cxx:8:19: error: ‘Q_WS_WIN’ was not declared in this scope
   return ((int*)(&Q_WS_WIN))[argc];
                   ^
make[1]: Leaving directory `/home/rokid/catkin_ws/src/hotpot_slam/Thirdparty/g2o/build/CMakeFiles/CMakeTmp'
make[1]: *** [CMakeFiles/cmTryCompileExec1949061758.dir/CheckSymbolExists.cxx.o] Error 1
make: *** [cmTryCompileExec1949061758/fast] Error 2

File /home/rokid/catkin_ws/src/hotpot_slam/Thirdparty/g2o/build/CMakeFiles/CMakeTmp/CheckSymbolExists.cxx:
/* */
#include <QtCore/qglobal.h>

int main(int argc, char** argv)
{
  (void)argv;
#ifndef Q_WS_WIN
  return ((int*)(&Q_WS_WIN))[argc];
#else
  (void)argc;
  return 0;
#endif
}

Determining if the Q_WS_QWS exist failed with the following output:
Change Dir: /home/rokid/catkin_ws/src/hotpot_slam/Thirdparty/g2o/build/CMakeFiles/CMakeTmp

Run Build Command:/usr/bin/make "cmTryCompileExec1350778961/fast"
/usr/bin/make -f CMakeFiles/cmTryCompileExec1350778961.dir/build.make CMakeFiles/cmTryCompileExec1350778961.dir/build
make[1]: Entering directory `/home/rokid/catkin_ws/src/hotpot_slam/Thirdparty/g2o/build/CMakeFiles/CMakeTmp'
/usr/bin/cmake -E cmake_progress_report /home/rokid/catkin_ws/src/hotpot_slam/Thirdparty/g2o/build/CMakeFiles/CMakeTmp/CMakeFiles 1
Building CXX object CMakeFiles/cmTryCompileExec1350778961.dir/CheckSymbolExists.cxx.o
/usr/bin/c++   -DLAPACK_USE_F2C -I/usr/include/qt4    -o CMakeFiles/cmTryCompileExec1350778961.dir/CheckSymbolExists.cxx.o -c /home/rokid/catkin_ws/src/hotpot_slam/Thirdparty/g2o/build/CMakeFiles/CMakeTmp/CheckSymbolExists.cxx
/home/rokid/catkin_ws/src/hotpot_slam/Thirdparty/g2o/build/CMakeFiles/CMakeTmp/CheckSymbolExists.cxx: In function ‘int main(int, char**)’:
/home/rokid/catkin_ws/src/hotpot_slam/Thirdparty/g2o/build/CMakeFiles/CMakeTmp/CheckSymbolExists.cxx:8:19: error: ‘Q_WS_QWS’ was not declared in this scope
   return ((int*)(&Q_WS_QWS))[argc];
                   ^
make[1]: *** [CMakeFiles/cmTryCompileExec1350778961.dir/CheckSymbolExists.cxx.o] Error 1
make[1]: Leaving directory `/home/rokid/catkin_ws/src/hotpot_slam/Thirdparty/g2o/build/CMakeFiles/CMakeTmp'
make: *** [cmTryCompileExec1350778961/fast] Error 2

File /home/rokid/catkin_ws/src/hotpot_slam/Thirdparty/g2o/build/CMakeFiles/CMakeTmp/CheckSymbolExists.cxx:
/* */
#include <QtCore/qglobal.h>

int main(int argc, char** argv)
{
  (void)argv;
#ifndef Q_WS_QWS
  return ((int*)(&Q_WS_QWS))[argc];
#else
  (void)argc;
  return 0;
#endif
}

Determining if the Q_WS_MAC exist failed with the following output:
Change Dir: /home/rokid/catkin_ws/src/hotpot_slam/Thirdparty/g2o/build/CMakeFiles/CMakeTmp

Run Build Command:/usr/bin/make "cmTryCompileExec2904067401/fast"
/usr/bin/make -f CMakeFiles/cmTryCompileExec2904067401.dir/build.make CMakeFiles/cmTryCompileExec2904067401.dir/build
make[1]: Entering directory `/home/rokid/catkin_ws/src/hotpot_slam/Thirdparty/g2o/build/CMakeFiles/CMakeTmp'
/usr/bin/cmake -E cmake_progress_report /home/rokid/catkin_ws/src/hotpot_slam/Thirdparty/g2o/build/CMakeFiles/CMakeTmp/CMakeFiles 1
Building CXX object CMakeFiles/cmTryCompileExec2904067401.dir/CheckSymbolExists.cxx.o
/usr/bin/c++   -DLAPACK_USE_F2C -I/usr/include/qt4    -o CMakeFiles/cmTryCompileExec2904067401.dir/CheckSymbolExists.cxx.o -c /home/rokid/catkin_ws/src/hotpot_slam/Thirdparty/g2o/build/CMakeFiles/CMakeTmp/CheckSymbolExists.cxx
/home/rokid/catkin_ws/src/hotpot_slam/Thirdparty/g2o/build/CMakeFiles/CMakeTmp/CheckSymbolExists.cxx: In function ‘int main(int, char**)’:
/home/rokid/catkin_ws/src/hotpot_slam/Thirdparty/g2o/build/CMakeFiles/CMakeTmp/CheckSymbolExists.cxx:8:19: error: ‘Q_WS_MAC’ was not declared in this scope
   return ((int*)(&Q_WS_MAC))[argc];
                   ^
make[1]: Leaving directory `/home/rokid/catkin_ws/src/hotpot_slam/Thirdparty/g2o/build/CMakeFiles/CMakeTmp'
make[1]: *** [CMakeFiles/cmTryCompileExec2904067401.dir/CheckSymbolExists.cxx.o] Error 1
make: *** [cmTryCompileExec2904067401/fast] Error 2

File /home/rokid/catkin_ws/src/hotpot_slam/Thirdparty/g2o/build/CMakeFiles/CMakeTmp/CheckSymbolExists.cxx:
/* */
#include <QtCore/qglobal.h>

int main(int argc, char** argv)
{
  (void)argv;
#ifndef Q_WS_MAC
  return ((int*)(&Q_WS_MAC))[argc];
#else
  (void)argc;
  return 0;
#endif
}

